<?xml version="1.0" encoding="UTF-8"?>
<testsuite name="ohtuesimerkki.StatisticsTest" tests="5" skipped="0" failures="0" errors="0" timestamp="2019-11-01T08:55:12" hostname="Juusos-MacBook-Pro-2.local" time="0.01">
  <properties/>
  <testcase name="constructorTest" classname="ohtuesimerkki.StatisticsTest" time="0.004"/>
  <testcase name="playerSearchTest1" classname="ohtuesimerkki.StatisticsTest" time="0.001"/>
  <testcase name="playerSearchTest2" classname="ohtuesimerkki.StatisticsTest" time="0.001"/>
  <testcase name="topScorersTest" classname="ohtuesimerkki.StatisticsTest" time="0.002"/>
  <testcase name="getTeamTest" classname="ohtuesimerkki.StatisticsTest" time="0.001"/>
  <system-out><![CDATA[]]></system-out>
  <system-err><![CDATA[]]></system-err>
</testsuite>
