<?xml version="1.0" encoding="UTF-8"?>
<testsuite name="ohtu.verkkokauppa.KauppaTest" tests="5" skipped="0" failures="0" errors="0" timestamp="2019-11-23T13:32:38" hostname="Juusos-MacBook-Pro-2.local" time="0.497">
  <properties/>
  <testcase name="lisataanKoriinKaksiSamaaTuotetta" classname="ohtu.verkkokauppa.KauppaTest" time="0.488"/>
  <testcase name="lisataanKoriinKaksiEriTuotetta" classname="ohtu.verkkokauppa.KauppaTest" time="0.002"/>
  <testcase name="lisataanKoriinKaksiSamaaTuotettaJoistaToinenOnLoppuVarastosta" classname="ohtu.verkkokauppa.KauppaTest" time="0.001"/>
  <testcase name="ostoksenPaaytyttyaPankinMetodiaTilisiirtoKutsutaan" classname="ohtu.verkkokauppa.KauppaTest" time="0.002"/>
  <testcase name="lisataanKoriinYksiTuote" classname="ohtu.verkkokauppa.KauppaTest" time="0.001"/>
  <system-out><![CDATA[]]></system-out>
  <system-err><![CDATA[]]></system-err>
</testsuite>
